[2025-11-19 15:09:16] lb_build 
[2025-11-19 15:09:16] lb_bootstrap 
P: Setting up cleanup function
[2025-11-19 15:09:16] lb_bootstrap_cache restore
P: Restoring bootstrap stage from cache...
[2025-11-19 15:09:16] lb_bootstrap_copy 
[2025-11-19 15:09:16] lb_bootstrap_cdebootstrap 
[2025-11-19 15:09:16] lb_bootstrap_debootstrap 
P: Begin bootstrapping system...
[2025-11-19 15:09:16] lb_testroot 
P: If the following stage fails, the most likely cause of the problem is with your mirror configuration, a caching proxy or the sid distribution.
P: Running debootstrap (download-only)... 
W: Cannot check Release signature; keyring file not available /usr/share/keyrings/debian-archive-keyring.gpg
I: Retrieving InRelease 
I: Retrieving Packages 
I: Validating Packages 
I: Retrieving Packages 
I: Validating Packages 
I: Retrieving Packages 
I: Validating Packages 
I: Retrieving Packages 
I: Validating Packages 
I: Resolving dependencies of required packages...
I: Resolving dependencies of base packages...
I: Checking component main on http://ftp.debian.org/debian...
I: Retrieving adduser 3.153
I: Validating adduser 3.153
I: Retrieving apt 3.1.12
I: Validating apt 3.1.12
I: Retrieving apt-utils 3.1.12
I: Validating apt-utils 3.1.12
I: Retrieving base-files 14
I: Validating base-files 14
I: Retrieving base-passwd 3.6.8
I: Validating base-passwd 3.6.8
I: Retrieving bash 5.3-1
I: Validating bash 5.3-1
I: Retrieving bsdutils 1:2.41.2-4
I: Validating bsdutils 1:2.41.2-4
I: Retrieving coreutils 9.7-3
I: Validating coreutils 9.7-3
I: Retrieving cpio 2.15+dfsg-2
I: Validating cpio 2.15+dfsg-2
I: Retrieving cron 3.0pl1-200
I: Validating cron 3.0pl1-200
I: Retrieving cron-daemon-common 3.0pl1-200
I: Validating cron-daemon-common 3.0pl1-200
I: Retrieving dash 0.5.12-12
I: Validating dash 0.5.12-12
I: Retrieving debconf 1.5.91
I: Validating debconf 1.5.91
I: Retrieving debconf-i18n 1.5.91
I: Validating debconf-i18n 1.5.91
I: Retrieving debian-archive-keyring 2025.1
I: Validating debian-archive-keyring 2025.1
I: Retrieving debianutils 5.23.2
I: Validating debianutils 5.23.2
I: Retrieving dhcpcd-base 1:10.3.0-1
I: Validating dhcpcd-base 1:10.3.0-1
I: Retrieving diffutils 1:3.12-1
I: Validating diffutils 1:3.12-1
I: Retrieving dmidecode 3.6-2
I: Validating dmidecode 3.6-2
I: Retrieving dpkg 1.22.21
I: Validating dpkg 1.22.21
I: Retrieving e2fsprogs 1.47.2-3+b3
I: Validating e2fsprogs 1.47.2-3+b3
I: Retrieving fdisk 2.41.2-4
I: Validating fdisk 2.41.2-4
I: Retrieving findutils 4.10.0-3
I: Validating findutils 4.10.0-3
I: Retrieving gcc-15-base 15.2.0-8
I: Validating gcc-15-base 15.2.0-8
I: Retrieving grep 3.12-1
I: Validating grep 3.12-1
I: Retrieving gzip 1.13-1
I: Validating gzip 1.13-1
I: Retrieving hostname 3.25
I: Validating hostname 3.25
I: Retrieving ifupdown 0.8.44
I: Validating ifupdown 0.8.44
I: Retrieving init 1.69
I: Validating init 1.69
I: Retrieving init-system-helpers 1.69
I: Validating init-system-helpers 1.69
I: Retrieving iproute2 6.17.0-1
I: Validating iproute2 6.17.0-1
I: Retrieving iputils-ping 3:20250605-1
I: Validating iputils-ping 3:20250605-1
I: Retrieving kmod 34.2-2
I: Validating kmod 34.2-2
I: Retrieving less 668-1
I: Validating less 668-1
I: Retrieving libacl1 2.3.2-2+b1
I: Validating libacl1 2.3.2-2+b1
I: Retrieving libapt-pkg7.0 3.1.12
I: Validating libapt-pkg7.0 3.1.12
I: Retrieving libattr1 1:2.5.2-3
I: Validating libattr1 1:2.5.2-3
I: Retrieving libaudit-common 1:4.1.2-1
I: Validating libaudit-common 1:4.1.2-1
I: Retrieving libaudit1 1:4.1.2-1
I: Validating libaudit1 1:4.1.2-1
I: Retrieving libblkid1 2.41.2-4
I: Validating libblkid1 2.41.2-4
I: Retrieving libbpf1 1:1.6.2-1
I: Validating libbpf1 1:1.6.2-1
I: Retrieving libbsd0 0.12.2-2
I: Validating libbsd0 0.12.2-2
I: Retrieving libbz2-1.0 1.0.8-6
I: Validating libbz2-1.0 1.0.8-6
I: Retrieving libc-bin 2.41-12
I: Validating libc-bin 2.41-12
I: Retrieving libc6 2.41-12
I: Validating libc6 2.41-12
I: Retrieving libcap-ng0 0.8.5-4+b1
I: Validating libcap-ng0 0.8.5-4+b1
I: Retrieving libcap2 1:2.75-10+b1
I: Validating libcap2 1:2.75-10+b1
I: Retrieving libcap2-bin 1:2.75-10+b1
I: Validating libcap2-bin 1:2.75-10+b1
I: Retrieving libcom-err2 1.47.2-3+b3
I: Validating libcom-err2 1.47.2-3+b3
I: Retrieving libcrypt1 1:4.5.1-1
I: Validating libcrypt1 1:4.5.1-1
I: Retrieving libdb5.3t64 5.3.28+dfsg2-10
I: Validating libdb5.3t64 5.3.28+dfsg2-10
I: Retrieving libdebconfclient0 0.281
I: Validating libdebconfclient0 0.281
I: Retrieving libedit2 3.1-20250104-1
I: Validating libedit2 3.1-20250104-1
I: Retrieving libelf1t64 0.194-1
I: Validating libelf1t64 0.194-1
I: Retrieving libext2fs2t64 1.47.2-3+b3
I: Validating libext2fs2t64 1.47.2-3+b3
I: Retrieving libfdisk1 2.41.2-4
I: Validating libfdisk1 2.41.2-4
I: Retrieving libgcc-s1 15.2.0-8
I: Validating libgcc-s1 15.2.0-8
I: Retrieving libgmp10 2:6.3.0+dfsg-5
I: Validating libgmp10 2:6.3.0+dfsg-5
I: Retrieving libgssapi-krb5-2 1.22.1-2
I: Validating libgssapi-krb5-2 1.22.1-2
I: Retrieving libhogweed6t64 3.10.2-1
I: Validating libhogweed6t64 3.10.2-1
I: Retrieving libidn2-0 2.3.8-4
I: Validating libidn2-0 2.3.8-4
I: Retrieving libjansson4 2.14-2+b3
I: Validating libjansson4 2.14-2+b3
I: Retrieving libk5crypto3 1.22.1-2
I: Validating libk5crypto3 1.22.1-2
I: Retrieving libkeyutils1 1.6.3-6
I: Validating libkeyutils1 1.6.3-6
I: Retrieving libkmod2 34.2-2
I: Validating libkmod2 34.2-2
I: Retrieving libkrb5-3 1.22.1-2
I: Validating libkrb5-3 1.22.1-2
I: Retrieving libkrb5support0 1.22.1-2
I: Validating libkrb5support0 1.22.1-2
I: Retrieving liblocale-gettext-perl 1.07-7+b1
I: Validating liblocale-gettext-perl 1.07-7+b1
I: Retrieving liblz4-1 1.10.0-6
I: Validating liblz4-1 1.10.0-6
I: Retrieving liblzma5 5.8.1-2
I: Validating liblzma5 5.8.1-2
I: Retrieving libmd0 1.1.0-2+b1
I: Validating libmd0 1.1.0-2+b1
I: Retrieving libmnl0 1.0.5-3
I: Validating libmnl0 1.0.5-3
I: Retrieving libmount1 2.41.2-4
I: Validating libmount1 2.41.2-4
I: Retrieving libncursesw6 6.5+20250216-2
I: Validating libncursesw6 6.5+20250216-2
I: Retrieving libnettle8t64 3.10.2-1
I: Validating libnettle8t64 3.10.2-1
I: Retrieving libnewt0.52 0.52.25-1
I: Validating libnewt0.52 0.52.25-1
I: Retrieving libnftables1 1.1.5-2
I: Validating libnftables1 1.1.5-2
I: Retrieving libnftnl11 1.3.0-1
I: Validating libnftnl11 1.3.0-1
I: Retrieving libpam-modules 1.7.0-5
I: Validating libpam-modules 1.7.0-5
I: Retrieving libpam-modules-bin 1.7.0-5
I: Validating libpam-modules-bin 1.7.0-5
I: Retrieving libpam-runtime 1.7.0-5
I: Validating libpam-runtime 1.7.0-5
I: Retrieving libpam0g 1.7.0-5
I: Validating libpam0g 1.7.0-5
I: Retrieving libpcre2-8-0 10.46-1
I: Validating libpcre2-8-0 10.46-1
I: Retrieving libpopt0 1.19+dfsg-2
I: Validating libpopt0 1.19+dfsg-2
I: Retrieving libproc2-0 2:4.0.4-9
I: Validating libproc2-0 2:4.0.4-9
I: Retrieving libreadline8t64 8.3-3
I: Validating libreadline8t64 8.3-3
I: Retrieving libseccomp2 2.6.0-2
I: Validating libseccomp2 2.6.0-2
I: Retrieving libselinux1 3.9-2
I: Validating libselinux1 3.9-2
I: Retrieving libsemanage-common 3.9-1
I: Validating libsemanage-common 3.9-1
I: Retrieving libsemanage2 3.9-1
I: Validating libsemanage2 3.9-1
I: Retrieving libsepol2 3.9-2
I: Validating libsepol2 3.9-2
I: Retrieving libslang2 2.3.3-5+b2
I: Validating libslang2 2.3.3-5+b2
I: Retrieving libsmartcols1 2.41.2-4
I: Validating libsmartcols1 2.41.2-4
I: Retrieving libss2 1.47.2-3+b3
I: Validating libss2 1.47.2-3+b3
I: Retrieving libssl3t64 3.5.4-1
I: Validating libssl3t64 3.5.4-1
I: Retrieving libstdc++6 15.2.0-8
I: Validating libstdc++6 15.2.0-8
I: Retrieving libsystemd-shared 259~rc1-1
I: Validating libsystemd-shared 259~rc1-1
I: Retrieving libsystemd0 259~rc1-1
I: Validating libsystemd0 259~rc1-1
I: Retrieving libtext-charwidth-perl 0.04-11+b4
I: Validating libtext-charwidth-perl 0.04-11+b4
I: Retrieving libtext-iconv-perl 1.7-8.1
I: Validating libtext-iconv-perl 1.7-8.1
I: Retrieving libtext-wrapi18n-perl 0.06-10
I: Validating libtext-wrapi18n-perl 0.06-10
I: Retrieving libtinfo6 6.5+20250216-2
I: Validating libtinfo6 6.5+20250216-2
I: Retrieving libtirpc-common 1.3.6+ds-1
I: Validating libtirpc-common 1.3.6+ds-1
I: Retrieving libtirpc3t64 1.3.6+ds-1
I: Validating libtirpc3t64 1.3.6+ds-1
I: Retrieving libudev1 259~rc1-1
I: Validating libudev1 259~rc1-1
I: Retrieving libunistring5 1.3-2
I: Validating libunistring5 1.3-2
I: Retrieving libuuid1 2.41.2-4
I: Validating libuuid1 2.41.2-4
I: Retrieving libxtables12 1.8.11-3
I: Validating libxtables12 1.8.11-3
I: Retrieving libxxhash0 0.8.3-2
I: Validating libxxhash0 0.8.3-2
I: Retrieving libzstd1 1.5.7+dfsg-2
I: Validating libzstd1 1.5.7+dfsg-2
I: Retrieving linux-sysctl-defaults 4.14
I: Validating linux-sysctl-defaults 4.14
I: Retrieving login 1:4.16.0-2+really2.41.2-4
I: Validating login 1:4.16.0-2+really2.41.2-4
I: Retrieving login.defs 1:4.18.0-2
I: Validating login.defs 1:4.18.0-2
I: Retrieving logrotate 3.22.0-1
I: Validating logrotate 3.22.0-1
I: Retrieving logsave 1.47.2-3+b3
I: Validating logsave 1.47.2-3+b3
I: Retrieving mawk 1.3.4.20250131-1
I: Validating mawk 1.3.4.20250131-1
I: Retrieving mount 2.41.2-4
I: Validating mount 2.41.2-4
I: Retrieving nano 8.6-1
I: Validating nano 8.6-1
I: Retrieving ncurses-base 6.5+20250216-2
I: Validating ncurses-base 6.5+20250216-2
I: Retrieving ncurses-bin 6.5+20250216-2
I: Validating ncurses-bin 6.5+20250216-2
I: Retrieving netbase 6.5
I: Validating netbase 6.5
I: Retrieving nftables 1.1.5-2
I: Validating nftables 1.1.5-2
I: Retrieving openssl-provider-legacy 3.5.4-1
I: Validating openssl-provider-legacy 3.5.4-1
I: Retrieving passwd 1:4.18.0-2
I: Validating passwd 1:4.18.0-2
I: Retrieving perl-base 5.40.1-7
I: Validating perl-base 5.40.1-7
I: Retrieving procps 2:4.0.4-9
I: Validating procps 2:4.0.4-9
I: Retrieving readline-common 8.3-3
I: Validating readline-common 8.3-3
I: Retrieving sed 4.9-2
I: Validating sed 4.9-2
I: Retrieving sensible-utils 0.0.26
I: Validating sensible-utils 0.0.26
I: Retrieving sqv 1.3.0-3
I: Validating sqv 1.3.0-3
I: Retrieving systemd 259~rc1-1
I: Validating systemd 259~rc1-1
I: Retrieving systemd-sysv 259~rc1-1
I: Validating systemd-sysv 259~rc1-1
I: Retrieving sysvinit-utils 3.15-6
I: Validating sysvinit-utils 3.15-6
I: Retrieving tar 1.35+dfsg-3.1
I: Validating tar 1.35+dfsg-3.1
I: Retrieving tzdata 2025b-5
I: Validating tzdata 2025b-5
I: Retrieving udev 259~rc1-1
I: Validating udev 259~rc1-1
I: Retrieving usr-is-merged 39+nmu2
I: Validating usr-is-merged 39+nmu2
I: Retrieving util-linux 2.41.2-4
I: Validating util-linux 2.41.2-4
I: Retrieving vim-common 2:9.1.1882-1
I: Validating vim-common 2:9.1.1882-1
I: Retrieving vim-tiny 2:9.1.1882-1
I: Validating vim-tiny 2:9.1.1882-1
I: Retrieving whiptail 0.52.25-1
I: Validating whiptail 0.52.25-1
I: Retrieving zlib1g 1:1.3.dfsg+really1.3.1-1+b1
I: Validating zlib1g 1:1.3.dfsg+really1.3.1-1+b1
P: If the following stage fails, the most likely cause of the problem is with your mirror configuration, a caching proxy or the sid distribution.
P: Running debootstrap... 
/usr/sbin/debootstrap: 1840: cannot create /workspaces/bucephalus-os/chroot/test-dev-null: Permission denied
E: Cannot install into target '/workspaces/bucephalus-os/chroot' mounted with noexec or nodev
P: Begin unmounting filesystems...
P: Saving caches...
chroot: failed to run command ‘/usr/bin/env’: No such file or directory
