
Redirecting output to 'wget-log'.

Redirecting output to 'wget-log.1'.

Redirecting output to 'wget-log.2'.

Redirecting output to 'wget-log.3'.

Redirecting output to 'wget-log.4'.
2025-11-19 15:09:29 URL:http://ftp.debian.org/debian/pool/main/a/adduser/adduser_3.153_all.deb [191268/191268] -> "/workspaces/bucephalus-os/chroot//var/cache/apt/archives/partial/adduser_3.153_all.deb" [1]
2025-11-19 15:09:29 URL:http://ftp.debian.org/debian/pool/main/a/apt/apt_3.1.12_amd64.deb [1520288/1520288] -> "/workspaces/bucephalus-os/chroot//var/cache/apt/archives/partial/apt_3.1.12_amd64.deb" [1]
2025-11-19 15:09:29 URL:http://ftp.debian.org/debian/pool/main/a/apt/apt-utils_3.1.12_amd64.deb [366720/366720] -> "/workspaces/bucephalus-os/chroot//var/cache/apt/archives/partial/apt-utils_3.1.12_amd64.deb" [1]
2025-11-19 15:09:29 URL:http://ftp.debian.org/debian/pool/main/b/base-files/base-files_14_amd64.deb [72928/72928] -> "/workspaces/bucephalus-os/chroot//var/cache/apt/archives/partial/base-files_14_amd64.deb" [1]
2025-11-19 15:09:29 URL:http://ftp.debian.org/debian/pool/main/b/base-passwd/base-passwd_3.6.8_amd64.deb [54624/54624] -> "/workspaces/bucephalus-os/chroot//var/cache/apt/archives/partial/base-passwd_3.6.8_amd64.deb" [1]
2025-11-19 15:09:30 URL:http://ftp.debian.org/debian/pool/main/b/bash/bash_5.3-1_amd64.deb [1555936/1555936] -> "/workspaces/bucephalus-os/chroot//var/cache/apt/archives/partial/bash_5.3-1_amd64.deb" [1]
2025-11-19 15:09:30 URL:http://ftp.debian.org/debian/pool/main/u/util-linux/bsdutils_2.41.2-4_amd64.deb [93548/93548] -> "/workspaces/bucephalus-os/chroot//var/cache/apt/archives/partial/bsdutils_1%3a2.41.2-4_amd64.deb" [1]
2025-11-19 15:09:30 URL:http://ftp.debian.org/debian/pool/main/c/coreutils/coreutils_9.7-3_amd64.deb [3023556/3023556] -> "/workspaces/bucephalus-os/chroot//var/cache/apt/archives/partial/coreutils_9.7-3_amd64.deb" [1]
2025-11-19 15:09:30 URL:http://ftp.debian.org/debian/pool/main/c/cpio/cpio_2.15+dfsg-2_amd64.deb [252116/252116] -> "/workspaces/bucephalus-os/chroot//var/cache/apt/archives/partial/cpio_2.15+dfsg-2_amd64.deb" [1]
2025-11-19 15:09:30 URL:http://ftp.debian.org/debian/pool/main/c/cron/cron_3.0pl1-200_amd64.deb [87820/87820] -> "/workspaces/bucephalus-os/chroot//var/cache/apt/archives/partial/cron_3.0pl1-200_amd64.deb" [1]
2025-11-19 15:09:30 URL:http://ftp.debian.org/debian/pool/main/c/cron/cron-daemon-common_3.0pl1-200_all.deb [18032/18032] -> "/workspaces/bucephalus-os/chroot//var/cache/apt/archives/partial/cron-daemon-common_3.0pl1-200_all.deb" [1]
2025-11-19 15:09:30 URL:http://ftp.debian.org/debian/pool/main/d/dash/dash_0.5.12-12_amd64.deb [98504/98504] -> "/workspaces/bucephalus-os/chroot//var/cache/apt/archives/partial/dash_0.5.12-12_amd64.deb" [1]
2025-11-19 15:09:30 URL:http://ftp.debian.org/debian/pool/main/d/debconf/debconf_1.5.91_all.deb [121088/121088] -> "/workspaces/bucephalus-os/chroot//var/cache/apt/archives/partial/debconf_1.5.91_all.deb" [1]
2025-11-19 15:09:30 URL:http://ftp.debian.org/debian/pool/main/d/debconf/debconf-i18n_1.5.91_all.deb [217348/217348] -> "/workspaces/bucephalus-os/chroot//var/cache/apt/archives/partial/debconf-i18n_1.5.91_all.deb" [1]
2025-11-19 15:09:30 URL:http://ftp.debian.org/debian/pool/main/d/debian-archive-keyring/debian-archive-keyring_2025.1_all.deb [179244/179244] -> "/workspaces/bucephalus-os/chroot//var/cache/apt/archives/partial/debian-archive-keyring_2025.1_all.deb" [1]
2025-11-19 15:09:30 URL:http://ftp.debian.org/debian/pool/main/d/debianutils/debianutils_5.23.2_amd64.deb [92360/92360] -> "/workspaces/bucephalus-os/chroot//var/cache/apt/archives/partial/debianutils_5.23.2_amd64.deb" [1]
2025-11-19 15:09:30 URL:http://ftp.debian.org/debian/pool/main/d/dhcpcd/dhcpcd-base_10.3.0-1_amd64.deb [208624/208624] -> "/workspaces/bucephalus-os/chroot//var/cache/apt/archives/partial/dhcpcd-base_1%3a10.3.0-1_amd64.deb" [1]
2025-11-19 15:09:30 URL:http://ftp.debian.org/debian/pool/main/d/diffutils/diffutils_3.12-1_amd64.deb [404764/404764] -> "/workspaces/bucephalus-os/chroot//var/cache/apt/archives/partial/diffutils_1%3a3.12-1_amd64.deb" [1]
2025-11-19 15:09:30 URL:http://ftp.debian.org/debian/pool/main/d/dmidecode/dmidecode_3.6-2_amd64.deb [69044/69044] -> "/workspaces/bucephalus-os/chroot//var/cache/apt/archives/partial/dmidecode_3.6-2_amd64.deb" [1]
2025-11-19 15:09:30 URL:http://ftp.debian.org/debian/pool/main/d/dpkg/dpkg_1.22.21_amd64.deb [1537532/1537532] -> "/workspaces/bucephalus-os/chroot//var/cache/apt/archives/partial/dpkg_1.22.21_amd64.deb" [1]
2025-11-19 15:09:30 URL:http://ftp.debian.org/debian/pool/main/e/e2fsprogs/e2fsprogs_1.47.2-3+b3_amd64.deb [590576/590576] -> "/workspaces/bucephalus-os/chroot//var/cache/apt/archives/partial/e2fsprogs_1.47.2-3+b3_amd64.deb" [1]
2025-11-19 15:09:30 URL:http://ftp.debian.org/debian/pool/main/u/util-linux/fdisk_2.41.2-4_amd64.deb [159592/159592] -> "/workspaces/bucephalus-os/chroot//var/cache/apt/archives/partial/fdisk_2.41.2-4_amd64.deb" [1]
2025-11-19 15:09:30 URL:http://ftp.debian.org/debian/pool/main/f/findutils/findutils_4.10.0-3_amd64.deb [700008/700008] -> "/workspaces/bucephalus-os/chroot//var/cache/apt/archives/partial/findutils_4.10.0-3_amd64.deb" [1]
2025-11-19 15:09:30 URL:http://ftp.debian.org/debian/pool/main/g/gcc-15/gcc-15-base_15.2.0-8_amd64.deb [53544/53544] -> "/workspaces/bucephalus-os/chroot//var/cache/apt/archives/partial/gcc-15-base_15.2.0-8_amd64.deb" [1]
2025-11-19 15:09:30 URL:http://ftp.debian.org/debian/pool/main/g/grep/grep_3.12-1_amd64.deb [443080/443080] -> "/workspaces/bucephalus-os/chroot//var/cache/apt/archives/partial/grep_3.12-1_amd64.deb" [1]
2025-11-19 15:09:30 URL:http://ftp.debian.org/debian/pool/main/g/gzip/gzip_1.13-1_amd64.deb [138408/138408] -> "/workspaces/bucephalus-os/chroot//var/cache/apt/archives/partial/gzip_1.13-1_amd64.deb" [1]
2025-11-19 15:09:30 URL:http://ftp.debian.org/debian/pool/main/h/hostname/hostname_3.25_amd64.deb [11024/11024] -> "/workspaces/bucephalus-os/chroot//var/cache/apt/archives/partial/hostname_3.25_amd64.deb" [1]
2025-11-19 15:09:30 URL:http://ftp.debian.org/debian/pool/main/i/ifupdown/ifupdown_0.8.44_amd64.deb [61680/61680] -> "/workspaces/bucephalus-os/chroot//var/cache/apt/archives/partial/ifupdown_0.8.44_amd64.deb" [1]
2025-11-19 15:09:30 URL:http://ftp.debian.org/debian/pool/main/i/init-system-helpers/init_1.69_amd64.deb [6368/6368] -> "/workspaces/bucephalus-os/chroot//var/cache/apt/archives/partial/init_1.69_amd64.deb" [1]
2025-11-19 15:09:30 URL:http://ftp.debian.org/debian/pool/main/i/init-system-helpers/init-system-helpers_1.69_all.deb [39300/39300] -> "/workspaces/bucephalus-os/chroot//var/cache/apt/archives/partial/init-system-helpers_1.69_all.deb" [1]
2025-11-19 15:09:30 URL:http://ftp.debian.org/debian/pool/main/i/iproute2/iproute2_6.17.0-1_amd64.deb [1101952/1101952] -> "/workspaces/bucephalus-os/chroot//var/cache/apt/archives/partial/iproute2_6.17.0-1_amd64.deb" [1]
2025-11-19 15:09:30 URL:http://ftp.debian.org/debian/pool/main/i/iputils/iputils-ping_20250605-1_amd64.deb [51980/51980] -> "/workspaces/bucephalus-os/chroot//var/cache/apt/archives/partial/iputils-ping_3%3a20250605-1_amd64.deb" [1]
2025-11-19 15:09:30 URL:http://ftp.debian.org/debian/pool/main/k/kmod/kmod_34.2-2_amd64.deb [95704/95704] -> "/workspaces/bucephalus-os/chroot//var/cache/apt/archives/partial/kmod_34.2-2_amd64.deb" [1]
2025-11-19 15:09:30 URL:http://ftp.debian.org/debian/pool/main/l/less/less_668-1_amd64.deb [161148/161148] -> "/workspaces/bucephalus-os/chroot//var/cache/apt/archives/partial/less_668-1_amd64.deb" [1]
2025-11-19 15:09:30 URL:http://ftp.debian.org/debian/pool/main/a/acl/libacl1_2.3.2-2+b1_amd64.deb [32860/32860] -> "/workspaces/bucephalus-os/chroot//var/cache/apt/archives/partial/libacl1_2.3.2-2+b1_amd64.deb" [1]
2025-11-19 15:09:30 URL:http://ftp.debian.org/debian/pool/main/a/apt/libapt-pkg7.0_3.1.12_amd64.deb [1228832/1228832] -> "/workspaces/bucephalus-os/chroot//var/cache/apt/archives/partial/libapt-pkg7.0_3.1.12_amd64.deb" [1]
2025-11-19 15:09:30 URL:http://ftp.debian.org/debian/pool/main/a/attr/libattr1_2.5.2-3_amd64.deb [22876/22876] -> "/workspaces/bucephalus-os/chroot//var/cache/apt/archives/partial/libattr1_1%3a2.5.2-3_amd64.deb" [1]
2025-11-19 15:09:30 URL:http://ftp.debian.org/debian/pool/main/a/audit/libaudit-common_4.1.2-1_all.deb [14268/14268] -> "/workspaces/bucephalus-os/chroot//var/cache/apt/archives/partial/libaudit-common_1%3a4.1.2-1_all.deb" [1]
2025-11-19 15:09:30 URL:http://ftp.debian.org/debian/pool/main/a/audit/libaudit1_4.1.2-1_amd64.deb [60392/60392] -> "/workspaces/bucephalus-os/chroot//var/cache/apt/archives/partial/libaudit1_1%3a4.1.2-1_amd64.deb" [1]
2025-11-19 15:09:30 URL:http://ftp.debian.org/debian/pool/main/u/util-linux/libblkid1_2.41.2-4_amd64.deb [173784/173784] -> "/workspaces/bucephalus-os/chroot//var/cache/apt/archives/partial/libblkid1_2.41.2-4_amd64.deb" [1]
2025-11-19 15:09:30 URL:http://ftp.debian.org/debian/pool/main/libb/libbpf/libbpf1_1.6.2-1_amd64.deb [172776/172776] -> "/workspaces/bucephalus-os/chroot//var/cache/apt/archives/partial/libbpf1_1%3a1.6.2-1_amd64.deb" [1]
2025-11-19 15:09:31 URL:http://ftp.debian.org/debian/pool/main/libb/libbsd/libbsd0_0.12.2-2_amd64.deb [130968/130968] -> "/workspaces/bucephalus-os/chroot//var/cache/apt/archives/partial/libbsd0_0.12.2-2_amd64.deb" [1]
2025-11-19 15:09:31 URL:http://ftp.debian.org/debian/pool/main/b/bzip2/libbz2-1.0_1.0.8-6_amd64.deb [37912/37912] -> "/workspaces/bucephalus-os/chroot//var/cache/apt/archives/partial/libbz2-1.0_1.0.8-6_amd64.deb" [1]
2025-11-19 15:09:31 URL:http://ftp.debian.org/debian/pool/main/g/glibc/libc-bin_2.41-12_amd64.deb [636504/636504] -> "/workspaces/bucephalus-os/chroot//var/cache/apt/archives/partial/libc-bin_2.41-12_amd64.deb" [1]
2025-11-19 15:09:31 URL:http://ftp.debian.org/debian/pool/main/g/glibc/libc6_2.41-12_amd64.deb [2845840/2845840] -> "/workspaces/bucephalus-os/chroot//var/cache/apt/archives/partial/libc6_2.41-12_amd64.deb" [1]
2025-11-19 15:09:31 URL:http://ftp.debian.org/debian/pool/main/libc/libcap-ng/libcap-ng0_0.8.5-4+b1_amd64.deb [17584/17584] -> "/workspaces/bucephalus-os/chroot//var/cache/apt/archives/partial/libcap-ng0_0.8.5-4+b1_amd64.deb" [1]
2025-11-19 15:09:31 URL:http://ftp.debian.org/debian/pool/main/libc/libcap2/libcap2_2.75-10+b1_amd64.deb [28752/28752] -> "/workspaces/bucephalus-os/chroot//var/cache/apt/archives/partial/libcap2_1%3a2.75-10+b1_amd64.deb" [1]
2025-11-19 15:09:31 URL:http://ftp.debian.org/debian/pool/main/libc/libcap2/libcap2-bin_2.75-10+b1_amd64.deb [36356/36356] -> "/workspaces/bucephalus-os/chroot//var/cache/apt/archives/partial/libcap2-bin_1%3a2.75-10+b1_amd64.deb" [1]
2025-11-19 15:09:31 URL:http://ftp.debian.org/debian/pool/main/e/e2fsprogs/libcom-err2_1.47.2-3+b3_amd64.deb [25032/25032] -> "/workspaces/bucephalus-os/chroot//var/cache/apt/archives/partial/libcom-err2_1.47.2-3+b3_amd64.deb" [1]
2025-11-19 15:09:31 URL:http://ftp.debian.org/debian/pool/main/libx/libxcrypt/libcrypt1_4.5.1-1_amd64.deb [97980/97980] -> "/workspaces/bucephalus-os/chroot//var/cache/apt/archives/partial/libcrypt1_1%3a4.5.1-1_amd64.deb" [1]
2025-11-19 15:09:31 URL:http://ftp.debian.org/debian/pool/main/d/db5.3/libdb5.3t64_5.3.28+dfsg2-10_amd64.deb [708892/708892] -> "/workspaces/bucephalus-os/chroot//var/cache/apt/archives/partial/libdb5.3t64_5.3.28+dfsg2-10_amd64.deb" [1]
2025-11-19 15:09:31 URL:http://ftp.debian.org/debian/pool/main/c/cdebconf/libdebconfclient0_0.281_amd64.deb [10776/10776] -> "/workspaces/bucephalus-os/chroot//var/cache/apt/archives/partial/libdebconfclient0_0.281_amd64.deb" [1]
2025-11-19 15:09:31 URL:http://ftp.debian.org/debian/pool/main/libe/libedit/libedit2_3.1-20250104-1_amd64.deb [93832/93832] -> "/workspaces/bucephalus-os/chroot//var/cache/apt/archives/partial/libedit2_3.1-20250104-1_amd64.deb" [1]
2025-11-19 15:09:31 URL:http://ftp.debian.org/debian/pool/main/e/elfutils/libelf1t64_0.194-1_amd64.deb [184976/184976] -> "/workspaces/bucephalus-os/chroot//var/cache/apt/archives/partial/libelf1t64_0.194-1_amd64.deb" [1]
2025-11-19 15:09:31 URL:http://ftp.debian.org/debian/pool/main/e/e2fsprogs/libext2fs2t64_1.47.2-3+b3_amd64.deb [212860/212860] -> "/workspaces/bucephalus-os/chroot//var/cache/apt/archives/partial/libext2fs2t64_1.47.2-3+b3_amd64.deb" [1]
2025-11-19 15:09:31 URL:http://ftp.debian.org/debian/pool/main/u/util-linux/libfdisk1_2.41.2-4_amd64.deb [215636/215636] -> "/workspaces/bucephalus-os/chroot//var/cache/apt/archives/partial/libfdisk1_2.41.2-4_amd64.deb" [1]
2025-11-19 15:09:31 URL:http://ftp.debian.org/debian/pool/main/g/gcc-15/libgcc-s1_15.2.0-8_amd64.deb [71532/71532] -> "/workspaces/bucephalus-os/chroot//var/cache/apt/archives/partial/libgcc-s1_15.2.0-8_amd64.deb" [1]
2025-11-19 15:09:31 URL:http://ftp.debian.org/debian/pool/main/g/gmp/libgmp10_6.3.0+dfsg-5_amd64.deb [573508/573508] -> "/workspaces/bucephalus-os/chroot//var/cache/apt/archives/partial/libgmp10_2%3a6.3.0+dfsg-5_amd64.deb" [1]
2025-11-19 15:09:31 URL:http://ftp.debian.org/debian/pool/main/k/krb5/libgssapi-krb5-2_1.22.1-2_amd64.deb [139360/139360] -> "/workspaces/bucephalus-os/chroot//var/cache/apt/archives/partial/libgssapi-krb5-2_1.22.1-2_amd64.deb" [1]
2025-11-19 15:09:31 URL:http://ftp.debian.org/debian/pool/main/n/nettle/libhogweed6t64_3.10.2-1_amd64.deb [336312/336312] -> "/workspaces/bucephalus-os/chroot//var/cache/apt/archives/partial/libhogweed6t64_3.10.2-1_amd64.deb" [1]
2025-11-19 15:09:31 URL:http://ftp.debian.org/debian/pool/main/libi/libidn2/libidn2-0_2.3.8-4_amd64.deb [109916/109916] -> "/workspaces/bucephalus-os/chroot//var/cache/apt/archives/partial/libidn2-0_2.3.8-4_amd64.deb" [1]
2025-11-19 15:09:31 URL:http://ftp.debian.org/debian/pool/main/j/jansson/libjansson4_2.14-2+b3_amd64.deb [39792/39792] -> "/workspaces/bucephalus-os/chroot//var/cache/apt/archives/partial/libjansson4_2.14-2+b3_amd64.deb" [1]
2025-11-19 15:09:31 URL:http://ftp.debian.org/debian/pool/main/k/krb5/libk5crypto3_1.22.1-2_amd64.deb [81124/81124] -> "/workspaces/bucephalus-os/chroot//var/cache/apt/archives/partial/libk5crypto3_1.22.1-2_amd64.deb" [1]
2025-11-19 15:09:31 URL:http://ftp.debian.org/debian/pool/main/k/keyutils/libkeyutils1_1.6.3-6_amd64.deb [9456/9456] -> "/workspaces/bucephalus-os/chroot//var/cache/apt/archives/partial/libkeyutils1_1.6.3-6_amd64.deb" [1]
2025-11-19 15:09:31 URL:http://ftp.debian.org/debian/pool/main/k/kmod/libkmod2_34.2-2_amd64.deb [63196/63196] -> "/workspaces/bucephalus-os/chroot//var/cache/apt/archives/partial/libkmod2_34.2-2_amd64.deb" [1]
2025-11-19 15:09:31 URL:http://ftp.debian.org/debian/pool/main/k/krb5/libkrb5-3_1.22.1-2_amd64.deb [337452/337452] -> "/workspaces/bucephalus-os/chroot//var/cache/apt/archives/partial/libkrb5-3_1.22.1-2_amd64.deb" [1]
2025-11-19 15:09:31 URL:http://ftp.debian.org/debian/pool/main/k/krb5/libkrb5support0_1.22.1-2_amd64.deb [33124/33124] -> "/workspaces/bucephalus-os/chroot//var/cache/apt/archives/partial/libkrb5support0_1.22.1-2_amd64.deb" [1]
2025-11-19 15:09:31 URL:http://ftp.debian.org/debian/pool/main/libl/liblocale-gettext-perl/liblocale-gettext-perl_1.07-7+b1_amd64.deb [15344/15344] -> "/workspaces/bucephalus-os/chroot//var/cache/apt/archives/partial/liblocale-gettext-perl_1.07-7+b1_amd64.deb" [1]
2025-11-19 15:09:31 URL:http://ftp.debian.org/debian/pool/main/l/lz4/liblz4-1_1.10.0-6_amd64.deb [70544/70544] -> "/workspaces/bucephalus-os/chroot//var/cache/apt/archives/partial/liblz4-1_1.10.0-6_amd64.deb" [1]
2025-11-19 15:09:31 URL:http://ftp.debian.org/debian/pool/main/x/xz-utils/liblzma5_5.8.1-2_amd64.deb [310148/310148] -> "/workspaces/bucephalus-os/chroot//var/cache/apt/archives/partial/liblzma5_5.8.1-2_amd64.deb" [1]
2025-11-19 15:09:31 URL:http://ftp.debian.org/debian/pool/main/libm/libmd/libmd0_1.1.0-2+b1_amd64.deb [36272/36272] -> "/workspaces/bucephalus-os/chroot//var/cache/apt/archives/partial/libmd0_1.1.0-2+b1_amd64.deb" [1]
2025-11-19 15:09:31 URL:http://ftp.debian.org/debian/pool/main/libm/libmnl/libmnl0_1.0.5-3_amd64.deb [11928/11928] -> "/workspaces/bucephalus-os/chroot//var/cache/apt/archives/partial/libmnl0_1.0.5-3_amd64.deb" [1]
2025-11-19 15:09:31 URL:http://ftp.debian.org/debian/pool/main/u/util-linux/libmount1_2.41.2-4_amd64.deb [211380/211380] -> "/workspaces/bucephalus-os/chroot//var/cache/apt/archives/partial/libmount1_2.41.2-4_amd64.deb" [1]
2025-11-19 15:09:31 URL:http://ftp.debian.org/debian/pool/main/n/ncurses/libncursesw6_6.5+20250216-2_amd64.deb [135484/135484] -> "/workspaces/bucephalus-os/chroot//var/cache/apt/archives/partial/libncursesw6_6.5+20250216-2_amd64.deb" [1]
2025-11-19 15:09:31 URL:http://ftp.debian.org/debian/pool/main/n/nettle/libnettle8t64_3.10.2-1_amd64.deb [306632/306632] -> "/workspaces/bucephalus-os/chroot//var/cache/apt/archives/partial/libnettle8t64_3.10.2-1_amd64.deb" [1]
2025-11-19 15:09:31 URL:http://ftp.debian.org/debian/pool/main/n/newt/libnewt0.52_0.52.25-1_amd64.deb [60040/60040] -> "/workspaces/bucephalus-os/chroot//var/cache/apt/archives/partial/libnewt0.52_0.52.25-1_amd64.deb" [1]
2025-11-19 15:09:31 URL:http://ftp.debian.org/debian/pool/main/n/nftables/libnftables1_1.1.5-2_amd64.deb [336852/336852] -> "/workspaces/bucephalus-os/chroot//var/cache/apt/archives/partial/libnftables1_1.1.5-2_amd64.deb" [1]
2025-11-19 15:09:31 URL:http://ftp.debian.org/debian/pool/main/libn/libnftnl/libnftnl11_1.3.0-1_amd64.deb [65020/65020] -> "/workspaces/bucephalus-os/chroot//var/cache/apt/archives/partial/libnftnl11_1.3.0-1_amd64.deb" [1]
2025-11-19 15:09:31 URL:http://ftp.debian.org/debian/pool/main/p/pam/libpam-modules_1.7.0-5_amd64.deb [178696/178696] -> "/workspaces/bucephalus-os/chroot//var/cache/apt/archives/partial/libpam-modules_1.7.0-5_amd64.deb" [1]
2025-11-19 15:09:31 URL:http://ftp.debian.org/debian/pool/main/p/pam/libpam-modules-bin_1.7.0-5_amd64.deb [49116/49116] -> "/workspaces/bucephalus-os/chroot//var/cache/apt/archives/partial/libpam-modules-bin_1.7.0-5_amd64.deb" [1]
2025-11-19 15:09:32 URL:http://ftp.debian.org/debian/pool/main/p/pam/libpam-runtime_1.7.0-5_all.deb [248720/248720] -> "/workspaces/bucephalus-os/chroot//var/cache/apt/archives/partial/libpam-runtime_1.7.0-5_all.deb" [1]
2025-11-19 15:09:32 URL:http://ftp.debian.org/debian/pool/main/p/pam/libpam0g_1.7.0-5_amd64.deb [69880/69880] -> "/workspaces/bucephalus-os/chroot//var/cache/apt/archives/partial/libpam0g_1.7.0-5_amd64.deb" [1]
2025-11-19 15:09:32 URL:http://ftp.debian.org/debian/pool/main/p/pcre2/libpcre2-8-0_10.46-1_amd64.deb [298412/298412] -> "/workspaces/bucephalus-os/chroot//var/cache/apt/archives/partial/libpcre2-8-0_10.46-1_amd64.deb" [1]
2025-11-19 15:09:32 URL:http://ftp.debian.org/debian/pool/main/p/popt/libpopt0_1.19+dfsg-2_amd64.deb [43844/43844] -> "/workspaces/bucephalus-os/chroot//var/cache/apt/archives/partial/libpopt0_1.19+dfsg-2_amd64.deb" [1]
2025-11-19 15:09:32 URL:http://ftp.debian.org/debian/pool/main/p/procps/libproc2-0_4.0.4-9_amd64.deb [65596/65596] -> "/workspaces/bucephalus-os/chroot//var/cache/apt/archives/partial/libproc2-0_2%3a4.0.4-9_amd64.deb" [1]
2025-11-19 15:09:32 URL:http://ftp.debian.org/debian/pool/main/r/readline/libreadline8t64_8.3-3_amd64.deb [191432/191432] -> "/workspaces/bucephalus-os/chroot//var/cache/apt/archives/partial/libreadline8t64_8.3-3_amd64.deb" [1]
2025-11-19 15:09:32 URL:http://ftp.debian.org/debian/pool/main/libs/libseccomp/libseccomp2_2.6.0-2_amd64.deb [51712/51712] -> "/workspaces/bucephalus-os/chroot//var/cache/apt/archives/partial/libseccomp2_2.6.0-2_amd64.deb" [1]
2025-11-19 15:09:32 URL:http://ftp.debian.org/debian/pool/main/libs/libselinux/libselinux1_3.9-2_amd64.deb [85432/85432] -> "/workspaces/bucephalus-os/chroot//var/cache/apt/archives/partial/libselinux1_3.9-2_amd64.deb" [1]
2025-11-19 15:09:32 URL:http://ftp.debian.org/debian/pool/main/libs/libsemanage/libsemanage-common_3.9-1_all.deb [7888/7888] -> "/workspaces/bucephalus-os/chroot//var/cache/apt/archives/partial/libsemanage-common_3.9-1_all.deb" [1]
2025-11-19 15:09:32 URL:http://ftp.debian.org/debian/pool/main/libs/libsemanage/libsemanage2_3.9-1_amd64.deb [96804/96804] -> "/workspaces/bucephalus-os/chroot//var/cache/apt/archives/partial/libsemanage2_3.9-1_amd64.deb" [1]
2025-11-19 15:09:32 URL:http://ftp.debian.org/debian/pool/main/libs/libsepol/libsepol2_3.9-2_amd64.deb [299708/299708] -> "/workspaces/bucephalus-os/chroot//var/cache/apt/archives/partial/libsepol2_3.9-2_amd64.deb" [1]
2025-11-19 15:09:32 URL:http://ftp.debian.org/debian/pool/main/s/slang2/libslang2_2.3.3-5+b2_amd64.deb [549496/549496] -> "/workspaces/bucephalus-os/chroot//var/cache/apt/archives/partial/libslang2_2.3.3-5+b2_amd64.deb" [1]
2025-11-19 15:09:32 URL:http://ftp.debian.org/debian/pool/main/u/util-linux/libsmartcols1_2.41.2-4_amd64.deb [144596/144596] -> "/workspaces/bucephalus-os/chroot//var/cache/apt/archives/partial/libsmartcols1_2.41.2-4_amd64.deb" [1]
2025-11-19 15:09:32 URL:http://ftp.debian.org/debian/pool/main/e/e2fsprogs/libss2_1.47.2-3+b3_amd64.deb [29728/29728] -> "/workspaces/bucephalus-os/chroot//var/cache/apt/archives/partial/libss2_1.47.2-3+b3_amd64.deb" [1]
2025-11-19 15:09:32 URL:http://ftp.debian.org/debian/pool/main/o/openssl/libssl3t64_3.5.4-1_amd64.deb [2445644/2445644] -> "/workspaces/bucephalus-os/chroot//var/cache/apt/archives/partial/libssl3t64_3.5.4-1_amd64.deb" [1]
2025-11-19 15:09:32 URL:http://ftp.debian.org/debian/pool/main/g/gcc-15/libstdc++6_15.2.0-8_amd64.deb [736404/736404] -> "/workspaces/bucephalus-os/chroot//var/cache/apt/archives/partial/libstdc++6_15.2.0-8_amd64.deb" [1]
2025-11-19 15:09:32 URL:http://ftp.debian.org/debian/pool/main/s/systemd/libsystemd-shared_259~rc1-1_amd64.deb [2367612/2367612] -> "/workspaces/bucephalus-os/chroot//var/cache/apt/archives/partial/libsystemd-shared_259~rc1-1_amd64.deb" [1]
2025-11-19 15:09:32 URL:http://ftp.debian.org/debian/pool/main/s/systemd/libsystemd0_259~rc1-1_amd64.deb [468660/468660] -> "/workspaces/bucephalus-os/chroot//var/cache/apt/archives/partial/libsystemd0_259~rc1-1_amd64.deb" [1]
2025-11-19 15:09:32 URL:http://ftp.debian.org/debian/pool/main/libt/libtext-charwidth-perl/libtext-charwidth-perl_0.04-11+b4_amd64.deb [9476/9476] -> "/workspaces/bucephalus-os/chroot//var/cache/apt/archives/partial/libtext-charwidth-perl_0.04-11+b4_amd64.deb" [1]
2025-11-19 15:09:32 URL:http://ftp.debian.org/debian/pool/main/libt/libtext-iconv-perl/libtext-iconv-perl_1.7-8.1_amd64.deb [14308/14308] -> "/workspaces/bucephalus-os/chroot//var/cache/apt/archives/partial/libtext-iconv-perl_1.7-8.1_amd64.deb" [1]
2025-11-19 15:09:32 URL:http://ftp.debian.org/debian/pool/main/libt/libtext-wrapi18n-perl/libtext-wrapi18n-perl_0.06-10_all.deb [8808/8808] -> "/workspaces/bucephalus-os/chroot//var/cache/apt/archives/partial/libtext-wrapi18n-perl_0.06-10_all.deb" [1]
2025-11-19 15:09:32 URL:http://ftp.debian.org/debian/pool/main/n/ncurses/libtinfo6_6.5+20250216-2_amd64.deb [348380/348380] -> "/workspaces/bucephalus-os/chroot//var/cache/apt/archives/partial/libtinfo6_6.5+20250216-2_amd64.deb" [1]
2025-11-19 15:09:32 URL:http://ftp.debian.org/debian/pool/main/libt/libtirpc/libtirpc-common_1.3.6+ds-1_all.deb [11004/11004] -> "/workspaces/bucephalus-os/chroot//var/cache/apt/archives/partial/libtirpc-common_1.3.6+ds-1_all.deb" [1]
2025-11-19 15:09:32 URL:http://ftp.debian.org/debian/pool/main/libt/libtirpc/libtirpc3t64_1.3.6+ds-1_amd64.deb [83300/83300] -> "/workspaces/bucephalus-os/chroot//var/cache/apt/archives/partial/libtirpc3t64_1.3.6+ds-1_amd64.deb" [1]
2025-11-19 15:09:32 URL:http://ftp.debian.org/debian/pool/main/s/systemd/libudev1_259~rc1-1_amd64.deb [156996/156996] -> "/workspaces/bucephalus-os/chroot//var/cache/apt/archives/partial/libudev1_259~rc1-1_amd64.deb" [1]
2025-11-19 15:09:32 URL:http://ftp.debian.org/debian/pool/main/libu/libunistring/libunistring5_1.3-2_amd64.deb [476768/476768] -> "/workspaces/bucephalus-os/chroot//var/cache/apt/archives/partial/libunistring5_1.3-2_amd64.deb" [1]
2025-11-19 15:09:32 URL:http://ftp.debian.org/debian/pool/main/u/util-linux/libuuid1_2.41.2-4_amd64.deb [38652/38652] -> "/workspaces/bucephalus-os/chroot//var/cache/apt/archives/partial/libuuid1_2.41.2-4_amd64.deb" [1]
2025-11-19 15:09:32 URL:http://ftp.debian.org/debian/pool/main/i/iptables/libxtables12_1.8.11-3_amd64.deb [32004/32004] -> "/workspaces/bucephalus-os/chroot//var/cache/apt/archives/partial/libxtables12_1.8.11-3_amd64.deb" [1]
2025-11-19 15:09:32 URL:http://ftp.debian.org/debian/pool/main/x/xxhash/libxxhash0_0.8.3-2_amd64.deb [27096/27096] -> "/workspaces/bucephalus-os/chroot//var/cache/apt/archives/partial/libxxhash0_0.8.3-2_amd64.deb" [1]
2025-11-19 15:09:32 URL:http://ftp.debian.org/debian/pool/main/libz/libzstd/libzstd1_1.5.7+dfsg-2_amd64.deb [307588/307588] -> "/workspaces/bucephalus-os/chroot//var/cache/apt/archives/partial/libzstd1_1.5.7+dfsg-2_amd64.deb" [1]
2025-11-19 15:09:32 URL:http://ftp.debian.org/debian/pool/main/l/linux-base/linux-sysctl-defaults_4.14_all.deb [5756/5756] -> "/workspaces/bucephalus-os/chroot//var/cache/apt/archives/partial/linux-sysctl-defaults_4.14_all.deb" [1]
2025-11-19 15:09:32 URL:http://ftp.debian.org/debian/pool/main/u/util-linux/login_4.16.0-2+really2.41.2-4_amd64.deb [105372/105372] -> "/workspaces/bucephalus-os/chroot//var/cache/apt/archives/partial/login_1%3a4.16.0-2+really2.41.2-4_amd64.deb" [1]
2025-11-19 15:09:32 URL:http://ftp.debian.org/debian/pool/main/s/shadow/login.defs_4.18.0-2_all.deb [211216/211216] -> "/workspaces/bucephalus-os/chroot//var/cache/apt/archives/partial/login.defs_1%3a4.18.0-2_all.deb" [1]
2025-11-19 15:09:33 URL:http://ftp.debian.org/debian/pool/main/l/logrotate/logrotate_3.22.0-1_amd64.deb [61956/61956] -> "/workspaces/bucephalus-os/chroot//var/cache/apt/archives/partial/logrotate_3.22.0-1_amd64.deb" [1]
2025-11-19 15:09:33 URL:http://ftp.debian.org/debian/pool/main/e/e2fsprogs/logsave_1.47.2-3+b3_amd64.deb [24852/24852] -> "/workspaces/bucephalus-os/chroot//var/cache/apt/archives/partial/logsave_1.47.2-3+b3_amd64.deb" [1]
2025-11-19 15:09:33 URL:http://ftp.debian.org/debian/pool/main/m/mawk/mawk_1.3.4.20250131-1_amd64.deb [140808/140808] -> "/workspaces/bucephalus-os/chroot//var/cache/apt/archives/partial/mawk_1.3.4.20250131-1_amd64.deb" [1]
2025-11-19 15:09:33 URL:http://ftp.debian.org/debian/pool/main/u/util-linux/mount_2.41.2-4_amd64.deb [163008/163008] -> "/workspaces/bucephalus-os/chroot//var/cache/apt/archives/partial/mount_2.41.2-4_amd64.deb" [1]
2025-11-19 15:09:33 URL:http://ftp.debian.org/debian/pool/main/n/nano/nano_8.6-1_amd64.deb [646652/646652] -> "/workspaces/bucephalus-os/chroot//var/cache/apt/archives/partial/nano_8.6-1_amd64.deb" [1]
2025-11-19 15:09:33 URL:http://ftp.debian.org/debian/pool/main/n/ncurses/ncurses-base_6.5+20250216-2_all.deb [273216/273216] -> "/workspaces/bucephalus-os/chroot//var/cache/apt/archives/partial/ncurses-base_6.5+20250216-2_all.deb" [1]
2025-11-19 15:09:33 URL:http://ftp.debian.org/debian/pool/main/n/ncurses/ncurses-bin_6.5+20250216-2_amd64.deb [438372/438372] -> "/workspaces/bucephalus-os/chroot//var/cache/apt/archives/partial/ncurses-bin_6.5+20250216-2_amd64.deb" [1]
2025-11-19 15:09:33 URL:http://ftp.debian.org/debian/pool/main/n/netbase/netbase_6.5_all.deb [12436/12436] -> "/workspaces/bucephalus-os/chroot//var/cache/apt/archives/partial/netbase_6.5_all.deb" [1]
2025-11-19 15:09:33 URL:http://ftp.debian.org/debian/pool/main/n/nftables/nftables_1.1.5-2_amd64.deb [77572/77572] -> "/workspaces/bucephalus-os/chroot//var/cache/apt/archives/partial/nftables_1.1.5-2_amd64.deb" [1]
2025-11-19 15:09:33 URL:http://ftp.debian.org/debian/pool/main/o/openssl/openssl-provider-legacy_3.5.4-1_amd64.deb [308128/308128] -> "/workspaces/bucephalus-os/chroot//var/cache/apt/archives/partial/openssl-provider-legacy_3.5.4-1_amd64.deb" [1]
2025-11-19 15:09:33 URL:http://ftp.debian.org/debian/pool/main/s/shadow/passwd_4.18.0-2_amd64.deb [1286136/1286136] -> "/workspaces/bucephalus-os/chroot//var/cache/apt/archives/partial/passwd_1%3a4.18.0-2_amd64.deb" [1]
2025-11-19 15:09:33 URL:http://ftp.debian.org/debian/pool/main/p/perl/perl-base_5.40.1-7_amd64.deb [1678968/1678968] -> "/workspaces/bucephalus-os/chroot//var/cache/apt/archives/partial/perl-base_5.40.1-7_amd64.deb" [1]
2025-11-19 15:09:33 URL:http://ftp.debian.org/debian/pool/main/p/procps/procps_4.0.4-9_amd64.deb [882088/882088] -> "/workspaces/bucephalus-os/chroot//var/cache/apt/archives/partial/procps_2%3a4.0.4-9_amd64.deb" [1]
2025-11-19 15:09:33 URL:http://ftp.debian.org/debian/pool/main/r/readline/readline-common_8.3-3_all.deb [74796/74796] -> "/workspaces/bucephalus-os/chroot//var/cache/apt/archives/partial/readline-common_8.3-3_all.deb" [1]
2025-11-19 15:09:33 URL:http://ftp.debian.org/debian/pool/main/s/sed/sed_4.9-2_amd64.deb [329212/329212] -> "/workspaces/bucephalus-os/chroot//var/cache/apt/archives/partial/sed_4.9-2_amd64.deb" [1]
2025-11-19 15:09:33 URL:http://ftp.debian.org/debian/pool/main/s/sensible-utils/sensible-utils_0.0.26_all.deb [27000/27000] -> "/workspaces/bucephalus-os/chroot//var/cache/apt/archives/partial/sensible-utils_0.0.26_all.deb" [1]
2025-11-19 15:09:33 URL:http://ftp.debian.org/debian/pool/main/r/rust-sequoia-sqv/sqv_1.3.0-3_amd64.deb [660872/660872] -> "/workspaces/bucephalus-os/chroot//var/cache/apt/archives/partial/sqv_1.3.0-3_amd64.deb" [1]
2025-11-19 15:09:33 URL:http://ftp.debian.org/debian/pool/main/s/systemd/systemd_259~rc1-1_amd64.deb [3269640/3269640] -> "/workspaces/bucephalus-os/chroot//var/cache/apt/archives/partial/systemd_259~rc1-1_amd64.deb" [1]
2025-11-19 15:09:33 URL:http://ftp.debian.org/debian/pool/main/s/systemd/systemd-sysv_259~rc1-1_amd64.deb [64292/64292] -> "/workspaces/bucephalus-os/chroot//var/cache/apt/archives/partial/systemd-sysv_259~rc1-1_amd64.deb" [1]
2025-11-19 15:09:33 URL:http://ftp.debian.org/debian/pool/main/s/sysvinit/sysvinit-utils_3.15-6_amd64.deb [34964/34964] -> "/workspaces/bucephalus-os/chroot//var/cache/apt/archives/partial/sysvinit-utils_3.15-6_amd64.deb" [1]
2025-11-19 15:09:33 URL:http://ftp.debian.org/debian/pool/main/t/tar/tar_1.35+dfsg-3.1_amd64.deb [814968/814968] -> "/workspaces/bucephalus-os/chroot//var/cache/apt/archives/partial/tar_1.35+dfsg-3.1_amd64.deb" [1]
2025-11-19 15:09:33 URL:http://ftp.debian.org/debian/pool/main/t/tzdata/tzdata_2025b-5_all.deb [259652/259652] -> "/workspaces/bucephalus-os/chroot//var/cache/apt/archives/partial/tzdata_2025b-5_all.deb" [1]
2025-11-19 15:09:33 URL:http://ftp.debian.org/debian/pool/main/s/systemd/udev_259~rc1-1_amd64.deb [1448560/1448560] -> "/workspaces/bucephalus-os/chroot//var/cache/apt/archives/partial/udev_259~rc1-1_amd64.deb" [1]
2025-11-19 15:09:33 URL:http://ftp.debian.org/debian/pool/main/u/usrmerge/usr-is-merged_39+nmu2_all.deb [5936/5936] -> "/workspaces/bucephalus-os/chroot//var/cache/apt/archives/partial/usr-is-merged_39+nmu2_all.deb" [1]
2025-11-19 15:09:33 URL:http://ftp.debian.org/debian/pool/main/u/util-linux/util-linux_2.41.2-4_amd64.deb [1163484/1163484] -> "/workspaces/bucephalus-os/chroot//var/cache/apt/archives/partial/util-linux_2.41.2-4_amd64.deb" [1]
2025-11-19 15:09:33 URL:http://ftp.debian.org/debian/pool/main/v/vim/vim-common_9.1.1882-1_all.deb [425200/425200] -> "/workspaces/bucephalus-os/chroot//var/cache/apt/archives/partial/vim-common_2%3a9.1.1882-1_all.deb" [1]
2025-11-19 15:09:33 URL:http://ftp.debian.org/debian/pool/main/v/vim/vim-tiny_9.1.1882-1_amd64.deb [797748/797748] -> "/workspaces/bucephalus-os/chroot//var/cache/apt/archives/partial/vim-tiny_2%3a9.1.1882-1_amd64.deb" [1]
2025-11-19 15:09:33 URL:http://ftp.debian.org/debian/pool/main/n/newt/whiptail_0.52.25-1_amd64.deb [24712/24712] -> "/workspaces/bucephalus-os/chroot//var/cache/apt/archives/partial/whiptail_0.52.25-1_amd64.deb" [1]
2025-11-19 15:09:33 URL:http://ftp.debian.org/debian/pool/main/z/zlib/zlib1g_1.3.dfsg+really1.3.1-1+b1_amd64.deb [88892/88892] -> "/workspaces/bucephalus-os/chroot//var/cache/apt/archives/partial/zlib1g_1%3a1.3.dfsg+really1.3.1-1+b1_amd64.deb" [1]
